Searching for include files...
Searching for example files...
Searching for images...
Searching for dot files...
Searching for msc files...
Searching for dia files...
Searching for files to exclude
Searching for files to process...
Searching for files in directory /home/j/Documents/projects/pypfant/pfant/github/master/main
Reading and parsing tag files
Parsing files
Reading /home/j/Documents/projects/pypfant/pfant/github/master/main/absoru.f90...
Parsing file /home/j/Documents/projects/pypfant/pfant/github/master/main/absoru.f90...
Reading /home/j/Documents/projects/pypfant/pfant/github/master/main/absoru_data.f...
Prepassing fixed form of /home/j/Documents/projects/pypfant/pfant/github/master/main/absoru_data.f
Parsing file /home/j/Documents/projects/pypfant/pfant/github/master/main/absoru_data.f...
Preprocessing /home/j/Documents/projects/pypfant/pfant/github/master/main/coding_style.cpp...
Parsing file /home/j/Documents/projects/pypfant/pfant/github/master/main/coding_style.cpp...
Reading /home/j/Documents/projects/pypfant/pfant/github/master/main/config.f90...
Parsing file /home/j/Documents/projects/pypfant/pfant/github/master/main/config.f90...
Reading /home/j/Documents/projects/pypfant/pfant/github/master/main/dissoc.f90...
Parsing file /home/j/Documents/projects/pypfant/pfant/github/master/main/dissoc.f90...
Reading /home/j/Documents/projects/pypfant/pfant/github/master/main/filetoh.f90...
Parsing file /home/j/Documents/projects/pypfant/pfant/github/master/main/filetoh.f90...
Reading /home/j/Documents/projects/pypfant/pfant/github/master/main/flin.f90...
Parsing file /home/j/Documents/projects/pypfant/pfant/github/master/main/flin.f90...
Reading /home/j/Documents/projects/pypfant/pfant/github/master/main/innewmarcs2.f...
Prepassing fixed form of /home/j/Documents/projects/pypfant/pfant/github/master/main/innewmarcs2.f
Parsing file /home/j/Documents/projects/pypfant/pfant/github/master/main/innewmarcs2.f...
Reading /home/j/Documents/projects/pypfant/pfant/github/master/main/logging.f90...
Parsing file /home/j/Documents/projects/pypfant/pfant/github/master/main/logging.f90...
Reading /home/j/Documents/projects/pypfant/pfant/github/master/main/main_calc.f90...
Parsing file /home/j/Documents/projects/pypfant/pfant/github/master/main/main_calc.f90...
Preprocessing /home/j/Documents/projects/pypfant/pfant/github/master/main/main_page.cpp...
Parsing file /home/j/Documents/projects/pypfant/pfant/github/master/main/main_page.cpp...
Reading /home/j/Documents/projects/pypfant/pfant/github/master/main/misc_math.f90...
Parsing file /home/j/Documents/projects/pypfant/pfant/github/master/main/misc_math.f90...
Reading /home/j/Documents/projects/pypfant/pfant/github/master/main/molecula.f90...
Parsing file /home/j/Documents/projects/pypfant/pfant/github/master/main/molecula.f90...
Reading /home/j/Documents/projects/pypfant/pfant/github/master/main/nulbadgrade.f...
Prepassing fixed form of /home/j/Documents/projects/pypfant/pfant/github/master/main/nulbadgrade.f
Parsing file /home/j/Documents/projects/pypfant/pfant/github/master/main/nulbadgrade.f...
Reading /home/j/Documents/projects/pypfant/pfant/github/master/main/options2.f90...
Parsing file /home/j/Documents/projects/pypfant/pfant/github/master/main/options2.f90...
Reading /home/j/Documents/projects/pypfant/pfant/github/master/main/pfant.f90...
Parsing file /home/j/Documents/projects/pypfant/pfant/github/master/main/pfant.f90...
Reading /home/j/Documents/projects/pypfant/pfant/github/master/main/read_files.f90...
Parsing file /home/j/Documents/projects/pypfant/pfant/github/master/main/read_files.f90...
Preprocessing /home/j/Documents/projects/pypfant/pfant/github/master/main/repository.cpp...
Parsing file /home/j/Documents/projects/pypfant/pfant/github/master/main/repository.cpp...
Preprocessing /home/j/Documents/projects/pypfant/pfant/github/master/main/zreferences.cpp...
Parsing file /home/j/Documents/projects/pypfant/pfant/github/master/main/zreferences.cpp...
Building group list...
Building directory list...
Building namespace list...
Building file list...
Building class list...
Associating documentation with classes...
Computing nesting relations for classes...
Building example list...
Searching for enumerations...
Searching for documented typedefs...
Searching for members imported via using declarations...
Searching for included using directives...
Searching for documented variables...
Building interface member list...
Building member list...
Searching for friends...
Searching for documented defines...
Computing class inheritance relations...
Computing class usage relations...
Flushing cached template relations that have become invalid...
Creating members for template instances...
Computing class relations...
Add enum values to enums...
Searching for member function documentation...
Building page list...
Search for main page...
Computing page relations...
Determining the scope of groups...
Sorting lists...
Freeing entry tree
Determining which enums are documented
Computing member relations...
Building full member lists recursively...
Adding members to member groups.
Computing member references...
Inheriting documentation...
Generating disk names...
Adding source references...
Adding xrefitems...
Sorting member lists...
Computing dependencies between directories...
Generating citations page...
Counting data structures...
Resolving user defined references...
Finding anchors and sections in the documentation...
Transferring function references...
Combining using relations...
Adding members to index pages...
Generating style sheet...
Generating search indices...
Generating example documentation...
Generating file sources...
Parsing code for file absoru.f90...
Parsing code for file absoru_data.f...
Parsing code for file coding_style.cpp...
Parsing code for file config.f90...
Parsing code for file dissoc.f90...
Parsing code for file filetoh.f90...
Parsing code for file flin.f90...
Parsing code for file innewmarcs2.f...
Parsing code for file logging.f90...
Parsing code for file main_calc.f90...
Parsing code for file main_page.cpp...
Parsing code for file misc_math.f90...
Parsing code for file molecula.f90...
Parsing code for file nulbadgrade.f...
Parsing code for file options2.f90...
Parsing code for file pfant.f90...
Parsing code for file read_files.f90...
Parsing code for file repository.cpp...
Parsing code for file zreferences.cpp...
Generating file documentation...
Generating page documentation...
Generating docs for page codingStyle...
Generating docs for page repository...
Generating docs for page references...
Generating docs for page todo...
Generating group documentation...
Generating class documentation...
Generating namespace index...
Generating docs for namespace absoru_mod
Generating docs for namespace absoru_mod_data
Generating docs for namespace config
Generating docs for namespace dissoc
Generating docs for namespace filetoh
Generating docs for namespace flin
Generating docs for namespace logging
Generating docs for namespace misc_math
Generating docs for namespace molecula
Generating docs for namespace options2
Generating docs for compound options2::option...
Generating docs for namespace synthesis
Generating graph info page...
Generating directory documentation...
Generating index page...
Generating page index...
Generating module index...
Generating namespace index...
Generating namespace member index...
Generating annotated compound index...
Generating alphabetical compound index...
Generating hierarchical class index...
Generating graphical class hierarchy...
Generating member index...
Generating file index...
Generating file member index...
Generating example index...
finalizing index lists...
writing tag file...
Running dot...
lookup cache used 81/65536 hits=231 misses=81
finished...
